<?xml version="1.0" encoding="UTF-8"?>
<!-- Generated by org.testng.reporters.JUnitReportReporter -->
<testsuite hostname="user1" failures="0" tests="3" name="cts.miniproject.test.DdExcelWordpressLogin" time="99.633" errors="0" timestamp="2020-03-30T10:23:38 IST" skipped="0">
  <testcase classname="cts.miniproject.test.DdExcelWordpressLogin" name="loginToWordpress" time="21.648"/>
  <system-out/>
  <testcase classname="cts.miniproject.test.DdExcelWordpressLogin" name="loginToWordpress" time="32.930"/>
  <system-out/>
  <testcase classname="cts.miniproject.test.DdExcelWordpressLogin" name="loginToWordpress" time="45.055"/>
  <system-out/>
</testsuite> <!-- cts.miniproject.test.DdExcelWordpressLogin -->
